Using pre-set license
Built from '2021.1/staging' branch; Version is '2021.1.12f1 (afcadd793de6) revision 11520733'; Using compiler version '192528614'; Build Type 'Release'
OS: 'Windows 10 Home; OS build 19043.1526; Version 2009; 64bit' Language: 'en' Physical Memory: 16207 MB
BatchMode: 1, IsHumanControllingUs: 0, StartBugReporterOnCrash: 0, Is64bit: 1, IsPro: 0

 COMMAND LINE ARGUMENTS:
C:\Program Files\Unity\Hub\Editor\2021.1.12f1\Editor\Unity.exe
-adb2
-batchMode
-noUpm
-name
AssetImportWorker0
-projectPath
C:/Users/16315/LayoutSketch2
-logFile
Logs/AssetImportWorker0.log
-srvPort
59545
Successfully changed project path to: C:/Users/16315/LayoutSketch2
C:/Users/16315/LayoutSketch2
Using Asset Import Pipeline V2.
Refreshing native plugins compatible for Editor in 105.81 ms, found 3 plugins.
Preloading 0 native plugins for Editor in 0.00 ms.
Initialize engine version: 2021.1.12f1 (afcadd793de6)
[Subsystems] Discovering subsystems at path C:/Program Files/Unity/Hub/Editor/2021.1.12f1/Editor/Data/Resources/UnitySubsystems
[Subsystems] Discovering subsystems at path C:/Users/16315/LayoutSketch2/Assets
GfxDevice: creating device client; threaded=0; jobified=0
Direct3D:
    Version:  Direct3D 11.0 [level 11.1]
    Renderer: NVIDIA GeForce GTX 1050 (ID=0x1c8d)
    Vendor:   NVIDIA
    VRAM:     1979 MB
    Driver:   30.0.15.1165
Initialize mono
Mono path[0] = 'C:/Program Files/Unity/Hub/Editor/2021.1.12f1/Editor/Data/Managed'
Mono path[1] = 'C:/Program Files/Unity/Hub/Editor/2021.1.12f1/Editor/Data/MonoBleedingEdge/lib/mono/unityjit'
Mono config path = 'C:/Program Files/Unity/Hub/Editor/2021.1.12f1/Editor/Data/MonoBleedingEdge/etc'
Using monoOptions --debugger-agent=transport=dt_socket,embedding=1,server=y,suspend=n,address=127.0.0.1:56364
Begin MonoManager ReloadAssembly
Registering precompiled unity dll's ...
Register platform support module: C:/Program Files/Unity/Hub/Editor/2021.1.12f1/Editor/Data/PlaybackEngines/WindowsStandaloneSupport/UnityEditor.WindowsStandalone.Extensions.dll
Registered in 0.003979 seconds.
Native extension for WindowsStandalone target not found
Refreshing native plugins compatible for Editor in 114.01 ms, found 3 plugins.
Preloading 0 native plugins for Editor in 0.00 ms.
Mono: successfully reloaded assembly
- Completed reload, in  1.994 seconds
Domain Reload Profiling:
	ReloadAssembly (1994ms)
		BeginReloadAssembly (90ms)
			ExecutionOrderSort (0ms)
			DisableScriptedObjects (0ms)
			BackupInstance (0ms)
			ReleaseScriptingObjects (0ms)
			CreateAndSetChildDomain (1ms)
		EndReloadAssembly (709ms)
			LoadAssemblies (85ms)
			RebuildTransferFunctionScriptingTraits (0ms)
			SetupTypeCache (245ms)
			ReleaseScriptCaches (0ms)
			RebuildScriptCaches (49ms)
			SetupLoadedEditorAssemblies (306ms)
				LogAssemblyErrors (0ms)
				InitializePlatformSupportModulesInManaged (8ms)
				SetLoadedEditorAssemblies (0ms)
				RefreshPlugins (114ms)
				BeforeProcessingInitializeOnLoad (2ms)
				ProcessInitializeOnLoadAttributes (139ms)
				ProcessInitializeOnLoadMethodAttributes (42ms)
				AfterProcessingInitializeOnLoad (0ms)
				EditorAssembliesLoaded (0ms)
			ExecutionOrderSort2 (0ms)
			AwakeInstancesAfterBackupRestoration (0ms)
Platform modules already initialized, skipping
Registering precompiled user dll's ...
Registered in 0.010159 seconds.
Begin MonoManager ReloadAssembly
Symbol file LoadedFromMemory doesn't match image C:\Users\16315\LayoutSketch2\Library\PackageCache\com.unity.visualscripting@1.6.1\Editor\VisualScripting.Core\Dependencies\YamlDotNet\Unity.VisualScripting.YamlDotNet.dll
Symbol file LoadedFromMemory doesn't match image C:\Users\16315\LayoutSketch2\Library\PackageCache\com.unity.visualscripting@1.6.1\Editor\VisualScripting.Core\Dependencies\DotNetZip\Unity.VisualScripting.IonicZip.dll
Native extension for WindowsStandalone target not found
Refreshing native plugins compatible for Editor in 0.64 ms, found 3 plugins.
Preloading 0 native plugins for Editor in 0.00 ms.
Mono: successfully reloaded assembly
- Completed reload, in  1.721 seconds
Domain Reload Profiling:
	ReloadAssembly (1721ms)
		BeginReloadAssembly (243ms)
			ExecutionOrderSort (0ms)
			DisableScriptedObjects (6ms)
			BackupInstance (0ms)
			ReleaseScriptingObjects (0ms)
			CreateAndSetChildDomain (36ms)
		EndReloadAssembly (1374ms)
			LoadAssemblies (136ms)
			RebuildTransferFunctionScriptingTraits (0ms)
			SetupTypeCache (527ms)
			ReleaseScriptCaches (2ms)
			RebuildScriptCaches (81ms)
			SetupLoadedEditorAssemblies (460ms)
				LogAssemblyErrors (0ms)
				InitializePlatformSupportModulesInManaged (6ms)
				SetLoadedEditorAssemblies (1ms)
				RefreshPlugins (1ms)
				BeforeProcessingInitializeOnLoad (102ms)
				ProcessInitializeOnLoadAttributes (327ms)
				ProcessInitializeOnLoadMethodAttributes (8ms)
				AfterProcessingInitializeOnLoad (15ms)
				EditorAssembliesLoaded (1ms)
			ExecutionOrderSort2 (0ms)
			AwakeInstancesAfterBackupRestoration (11ms)
Platform modules already initialized, skipping
========================================================================
Worker process is ready to serve import requests
Launched and connected shader compiler UnityShaderCompiler.exe after 0.09 seconds
Refreshing native plugins compatible for Editor in 0.87 ms, found 3 plugins.
Preloading 0 native plugins for Editor in 0.00 ms.
Unloading 2941 Unused Serialized files (Serialized files now loaded: 0)
System memory in use before: 105.6 MB.
System memory in use after: 105.8 MB.

Unloading 23 unused Assets to reduce memory usage. Loaded Objects now: 3385.
Total: 4.431900 ms (FindLiveObjects: 0.268000 ms CreateObjectMapping: 0.157600 ms MarkObjects: 3.776900 ms  DeleteObjects: 0.227600 ms)

AssetImportParameters requested are different than current active one (requested -> active):
  custom:framework-win-MediaFoundation: 216162199b28c13a410421893ffa2e32 -> 
  custom:video-decoder-ogg-theora: a1e56fd34408186e4bbccfd4996cb3dc -> 
  custom:container-muxer-webm: aa71ff27fc2769a1b78a27578f13a17b -> 
  custom:container-demuxer-webm: 4f35f7cbe854078d1ac9338744f61a02 -> 
  custom:container-demuxer-ogg: 62fdf1f143b41e24485cea50d1cbac27 -> 
  custom:video-encoder-webm-vp8: eb34c28f22e8b96e1ab97ce403110664 -> 
  custom:video-codec-MediaFoundation-h265: 746d11721c4dcdbdad8f713fa42b33f4 -> 
  custom:video-decoder-webm-vp8: 9c59270c3fd7afecdb556c50c9e8de78 -> 
  custom:audio-decoder-ogg-vorbis: bf7c407c2cedff20999df2af8eb42d56 -> 
  custom:audio-encoder-webm-vorbis: bf7c407c2cedff20999df2af8eb42d56 -> 
========================================================================
Received Import Request.
  path: Assets
  artifactKey: Guid(00000000000000001000000000000000) Importer(815301076,1909f56bfc062723c751e8b465ee728b)
Start importing Assets using Guid(00000000000000001000000000000000) Importer(815301076,1909f56bfc062723c751e8b465ee728b)  -> (artifact id: '42d402b061de3733987d63b9cc3b64de') in 0.007765 seconds 
========================================================================
Received Import Request.
  Time since last request: 3.173184 seconds.
  path: Assets/Materials
  artifactKey: Guid(675ce6733ab8a5e47a342f39135c2e29) Importer(815301076,1909f56bfc062723c751e8b465ee728b)
Start importing Assets/Materials using Guid(675ce6733ab8a5e47a342f39135c2e29) Importer(815301076,1909f56bfc062723c751e8b465ee728b)  -> (artifact id: '1eb7cd2467f35c622397688b9dab1891') in 0.013230 seconds 
========================================================================
Received Import Request.
  Time since last request: 7.518860 seconds.
  path: Assets/Materials/New Material.mat
  artifactKey: Guid(c17818e5420163e428661f87401dc3f0) Importer(815301076,1909f56bfc062723c751e8b465ee728b)
Start importing Assets/Materials/New Material.mat using Guid(c17818e5420163e428661f87401dc3f0) Importer(815301076,1909f56bfc062723c751e8b465ee728b)  -> (artifact id: 'b7ad2492c1b0f461fea9431192d41210') in 0.177924 seconds 
========================================================================
Received Import Request.
  Time since last request: 11.951823 seconds.
  path: Assets/Materials/Ice.mat
  artifactKey: Guid(c17818e5420163e428661f87401dc3f0) Importer(815301076,1909f56bfc062723c751e8b465ee728b)
Start importing Assets/Materials/Ice.mat using Guid(c17818e5420163e428661f87401dc3f0) Importer(815301076,1909f56bfc062723c751e8b465ee728b)  -> (artifact id: 'd920c4a1cd3b4abce63d80d7e80da465') in 0.045274 seconds 
========================================================================
Received Import Request.
  Time since last request: 9.151054 seconds.
  path: Assets/Materials/Snow.mat
  artifactKey: Guid(2f888ffa88f7ac242a4709af01430845) Importer(815301076,1909f56bfc062723c751e8b465ee728b)
Start importing Assets/Materials/Snow.mat using Guid(2f888ffa88f7ac242a4709af01430845) Importer(815301076,1909f56bfc062723c751e8b465ee728b)  -> (artifact id: 'da2630582390922b86d081687d63ef1f') in 0.012956 seconds 
========================================================================
Received Import Request.
  Time since last request: 452.181440 seconds.
  path: Assets/Materials/White.mat
  artifactKey: Guid(a729170c0c765e84d8ad468c6bfddb7a) Importer(815301076,1909f56bfc062723c751e8b465ee728b)
Start importing Assets/Materials/White.mat using Guid(a729170c0c765e84d8ad468c6bfddb7a) Importer(815301076,1909f56bfc062723c751e8b465ee728b)  -> (artifact id: '7cb4d7a01d57db39e20f150a567ddfde') in 0.042675 seconds 
========================================================================
Received Import Request.
  Time since last request: 1113.563055 seconds.
  path: Assets/Materials/Water.mat
  artifactKey: Guid(668db85f3f7da5b458359d33c6a84447) Importer(815301076,1909f56bfc062723c751e8b465ee728b)
Start importing Assets/Materials/Water.mat using Guid(668db85f3f7da5b458359d33c6a84447) Importer(815301076,1909f56bfc062723c751e8b465ee728b)  -> (artifact id: 'a67d729643e1a4e97a80386287f9eea1') in 0.017722 seconds 
========================================================================
Received Import Request.
  Time since last request: 639.665137 seconds.
  path: Assets/Materials/Snow.mat
  artifactKey: Guid(2f888ffa88f7ac242a4709af01430845) Importer(815301076,1909f56bfc062723c751e8b465ee728b)
Start importing Assets/Materials/Snow.mat using Guid(2f888ffa88f7ac242a4709af01430845) Importer(815301076,1909f56bfc062723c751e8b465ee728b)  -> (artifact id: '9acde23158729349f13d901bbe49e360') in 0.047435 seconds 
========================================================================
Received Import Request.
  Time since last request: 0.000531 seconds.
  path: Assets/Materials/Water.mat
  artifactKey: Guid(668db85f3f7da5b458359d33c6a84447) Importer(815301076,1909f56bfc062723c751e8b465ee728b)
Start importing Assets/Materials/Water.mat using Guid(668db85f3f7da5b458359d33c6a84447) Importer(815301076,1909f56bfc062723c751e8b465ee728b)  -> (artifact id: 'a2668dea0633f608fa6be5d7c6574351') in 0.018172 seconds 
========================================================================
Received Import Request.
  Time since last request: 793.619432 seconds.
  path: Assets/Materials/Bark.mat
  artifactKey: Guid(f6d623f5171af7c45a3f8ae7479bdcf5) Importer(815301076,1909f56bfc062723c751e8b465ee728b)
Start importing Assets/Materials/Bark.mat using Guid(f6d623f5171af7c45a3f8ae7479bdcf5) Importer(815301076,1909f56bfc062723c751e8b465ee728b)  -> (artifact id: 'cb7131996b5088f7f6f411ef70eb0a13') in 0.015592 seconds 
========================================================================
Received Import Request.
  Time since last request: 549.023384 seconds.
  path: Assets/Tree_Textures/diffuse.png
  artifactKey: Guid(d6d1e8b374d430f47903f14712c1d406) Importer(815301076,1909f56bfc062723c751e8b465ee728b)
Start importing Assets/Tree_Textures/diffuse.png using Guid(d6d1e8b374d430f47903f14712c1d406) Importer(815301076,1909f56bfc062723c751e8b465ee728b)  -> (artifact id: '152647fb4d601b674394e298725798de') in 0.105207 seconds 
========================================================================
Received Import Request.
  Time since last request: 0.000357 seconds.
  path: Assets/Tree_Textures/normal_specular.png
  artifactKey: Guid(2d1cbf490808cba409613b53370b2c13) Importer(815301076,1909f56bfc062723c751e8b465ee728b)
Start importing Assets/Tree_Textures/normal_specular.png using Guid(2d1cbf490808cba409613b53370b2c13) Importer(815301076,1909f56bfc062723c751e8b465ee728b)  -> (artifact id: '1899b8f93570c091c948815ce3146d92') in 0.016438 seconds 
========================================================================
Received Import Request.
  Time since last request: 0.000412 seconds.
  path: Assets/Tree_Textures/shadow.png
  artifactKey: Guid(1a0f960884520bf41a38079cf738b000) Importer(815301076,1909f56bfc062723c751e8b465ee728b)
Start importing Assets/Tree_Textures/shadow.png using Guid(1a0f960884520bf41a38079cf738b000) Importer(815301076,1909f56bfc062723c751e8b465ee728b)  -> (artifact id: 'a7a9e791056f48a52afe460fa2cf544d') in 0.044967 seconds 
========================================================================
Received Import Request.
  Time since last request: 0.000490 seconds.
  path: Assets/Tree_Textures/translucency_gloss.png
  artifactKey: Guid(21f7fdce8f3ce5347a894ed775eeda78) Importer(815301076,1909f56bfc062723c751e8b465ee728b)
Start importing Assets/Tree_Textures/translucency_gloss.png using Guid(21f7fdce8f3ce5347a894ed775eeda78) Importer(815301076,1909f56bfc062723c751e8b465ee728b)  -> (artifact id: '0db39efb5b45de9be3333e719ae4b947') in 0.015643 seconds 
========================================================================
Received Import Request.
  Time since last request: 384.467373 seconds.
  path: Assets/Materials/Bark.mat
  artifactKey: Guid(f6d623f5171af7c45a3f8ae7479bdcf5) Importer(815301076,1909f56bfc062723c751e8b465ee728b)
Start importing Assets/Materials/Bark.mat using Guid(f6d623f5171af7c45a3f8ae7479bdcf5) Importer(815301076,1909f56bfc062723c751e8b465ee728b)  -> (artifact id: '5750000a7444aeb67ea25c9a1e6648cf') in 0.045152 seconds 
========================================================================
Received Import Request.
  Time since last request: 1927.113253 seconds.
  path: Assets/Materials/Rock.mat
  artifactKey: Guid(0b5b0aa14de086f488a42f15067595e7) Importer(815301076,1909f56bfc062723c751e8b465ee728b)
Start importing Assets/Materials/Rock.mat using Guid(0b5b0aa14de086f488a42f15067595e7) Importer(815301076,1909f56bfc062723c751e8b465ee728b)  -> (artifact id: 'fe777a9bd4481e727e57c25ba6594223') in 0.028501 seconds 
========================================================================
Received Import Request.
  Time since last request: 242.600436 seconds.
  path: Assets/Materials/Rock.mat
  artifactKey: Guid(0b5b0aa14de086f488a42f15067595e7) Importer(815301076,1909f56bfc062723c751e8b465ee728b)
Start importing Assets/Materials/Rock.mat using Guid(0b5b0aa14de086f488a42f15067595e7) Importer(815301076,1909f56bfc062723c751e8b465ee728b)  -> (artifact id: '47ccd1c830e4235ec25b5672e02804fc') in 0.019073 seconds 
AssetImportWorkerClient::OnTransportError - code=2 error=End of file
