Using pre-set license
Built from '2021.1/staging' branch; Version is '2021.1.12f1 (afcadd793de6) revision 11520733'; Using compiler version '192528614'; Build Type 'Release'
OS: 'Windows 10 Home; OS build 19043.1526; Version 2009; 64bit' Language: 'en' Physical Memory: 16207 MB
BatchMode: 1, IsHumanControllingUs: 0, StartBugReporterOnCrash: 0, Is64bit: 1, IsPro: 0

 COMMAND LINE ARGUMENTS:
C:\Program Files\Unity\Hub\Editor\2021.1.12f1\Editor\Unity.exe
-adb2
-batchMode
-noUpm
-name
AssetImportWorker0
-projectPath
C:/Users/16315/LayoutSketch3
-logFile
Logs/AssetImportWorker0.log
-srvPort
62504
Successfully changed project path to: C:/Users/16315/LayoutSketch3
C:/Users/16315/LayoutSketch3
Using Asset Import Pipeline V2.
Refreshing native plugins compatible for Editor in 102.04 ms, found 3 plugins.
Preloading 0 native plugins for Editor in 0.00 ms.
Initialize engine version: 2021.1.12f1 (afcadd793de6)
[Subsystems] Discovering subsystems at path C:/Program Files/Unity/Hub/Editor/2021.1.12f1/Editor/Data/Resources/UnitySubsystems
[Subsystems] Discovering subsystems at path C:/Users/16315/LayoutSketch3/Assets
GfxDevice: creating device client; threaded=0; jobified=0
Direct3D:
    Version:  Direct3D 11.0 [level 11.1]
    Renderer: NVIDIA GeForce GTX 1050 (ID=0x1c8d)
    Vendor:   NVIDIA
    VRAM:     1979 MB
    Driver:   30.0.15.1165
Initialize mono
Mono path[0] = 'C:/Program Files/Unity/Hub/Editor/2021.1.12f1/Editor/Data/Managed'
Mono path[1] = 'C:/Program Files/Unity/Hub/Editor/2021.1.12f1/Editor/Data/MonoBleedingEdge/lib/mono/unityjit'
Mono config path = 'C:/Program Files/Unity/Hub/Editor/2021.1.12f1/Editor/Data/MonoBleedingEdge/etc'
Using monoOptions --debugger-agent=transport=dt_socket,embedding=1,server=y,suspend=n,address=127.0.0.1:56388
Begin MonoManager ReloadAssembly
Registering precompiled unity dll's ...
Register platform support module: C:/Program Files/Unity/Hub/Editor/2021.1.12f1/Editor/Data/PlaybackEngines/WindowsStandaloneSupport/UnityEditor.WindowsStandalone.Extensions.dll
Registered in 0.003338 seconds.
Native extension for WindowsStandalone target not found
Refreshing native plugins compatible for Editor in 103.40 ms, found 3 plugins.
Preloading 0 native plugins for Editor in 0.00 ms.
Mono: successfully reloaded assembly
- Completed reload, in  1.963 seconds
Domain Reload Profiling:
	ReloadAssembly (1963ms)
		BeginReloadAssembly (92ms)
			ExecutionOrderSort (0ms)
			DisableScriptedObjects (0ms)
			BackupInstance (0ms)
			ReleaseScriptingObjects (0ms)
			CreateAndSetChildDomain (1ms)
		EndReloadAssembly (688ms)
			LoadAssemblies (87ms)
			RebuildTransferFunctionScriptingTraits (0ms)
			SetupTypeCache (236ms)
			ReleaseScriptCaches (0ms)
			RebuildScriptCaches (45ms)
			SetupLoadedEditorAssemblies (340ms)
				LogAssemblyErrors (0ms)
				InitializePlatformSupportModulesInManaged (8ms)
				SetLoadedEditorAssemblies (0ms)
				RefreshPlugins (103ms)
				BeforeProcessingInitializeOnLoad (2ms)
				ProcessInitializeOnLoadAttributes (177ms)
				ProcessInitializeOnLoadMethodAttributes (48ms)
				AfterProcessingInitializeOnLoad (0ms)
				EditorAssembliesLoaded (0ms)
			ExecutionOrderSort2 (0ms)
			AwakeInstancesAfterBackupRestoration (0ms)
Platform modules already initialized, skipping
Registering precompiled user dll's ...
Registered in 0.010982 seconds.
Begin MonoManager ReloadAssembly
Symbol file LoadedFromMemory doesn't match image C:\Users\16315\LayoutSketch3\Library\PackageCache\com.unity.visualscripting@1.6.1\Editor\VisualScripting.Core\Dependencies\YamlDotNet\Unity.VisualScripting.YamlDotNet.dll
Symbol file LoadedFromMemory doesn't match image C:\Users\16315\LayoutSketch3\Library\PackageCache\com.unity.visualscripting@1.6.1\Editor\VisualScripting.Core\Dependencies\DotNetZip\Unity.VisualScripting.IonicZip.dll
Native extension for WindowsStandalone target not found
Refreshing native plugins compatible for Editor in 0.68 ms, found 3 plugins.
Preloading 0 native plugins for Editor in 0.00 ms.
Mono: successfully reloaded assembly
- Completed reload, in  1.596 seconds
Domain Reload Profiling:
	ReloadAssembly (1596ms)
		BeginReloadAssembly (217ms)
			ExecutionOrderSort (0ms)
			DisableScriptedObjects (6ms)
			BackupInstance (0ms)
			ReleaseScriptingObjects (0ms)
			CreateAndSetChildDomain (28ms)
		EndReloadAssembly (1290ms)
			LoadAssemblies (123ms)
			RebuildTransferFunctionScriptingTraits (0ms)
			SetupTypeCache (453ms)
			ReleaseScriptCaches (1ms)
			RebuildScriptCaches (89ms)
			SetupLoadedEditorAssemblies (485ms)
				LogAssemblyErrors (0ms)
				InitializePlatformSupportModulesInManaged (7ms)
				SetLoadedEditorAssemblies (1ms)
				RefreshPlugins (1ms)
				BeforeProcessingInitializeOnLoad (101ms)
				ProcessInitializeOnLoadAttributes (351ms)
				ProcessInitializeOnLoadMethodAttributes (11ms)
				AfterProcessingInitializeOnLoad (14ms)
				EditorAssembliesLoaded (0ms)
			ExecutionOrderSort2 (0ms)
			AwakeInstancesAfterBackupRestoration (9ms)
Platform modules already initialized, skipping
========================================================================
Worker process is ready to serve import requests
Launched and connected shader compiler UnityShaderCompiler.exe after 0.08 seconds
Refreshing native plugins compatible for Editor in 0.63 ms, found 3 plugins.
Preloading 0 native plugins for Editor in 0.00 ms.
Unloading 2941 Unused Serialized files (Serialized files now loaded: 0)
System memory in use before: 105.6 MB.
System memory in use after: 105.8 MB.

Unloading 23 unused Assets to reduce memory usage. Loaded Objects now: 3385.
Total: 3.547500 ms (FindLiveObjects: 0.308100 ms CreateObjectMapping: 0.259200 ms MarkObjects: 2.883500 ms  DeleteObjects: 0.095300 ms)

AssetImportParameters requested are different than current active one (requested -> active):
  custom:framework-win-MediaFoundation: 216162199b28c13a410421893ffa2e32 -> 
  custom:video-decoder-ogg-theora: a1e56fd34408186e4bbccfd4996cb3dc -> 
  custom:container-muxer-webm: aa71ff27fc2769a1b78a27578f13a17b -> 
  custom:container-demuxer-webm: 4f35f7cbe854078d1ac9338744f61a02 -> 
  custom:container-demuxer-ogg: 62fdf1f143b41e24485cea50d1cbac27 -> 
  custom:video-encoder-webm-vp8: eb34c28f22e8b96e1ab97ce403110664 -> 
  custom:video-codec-MediaFoundation-h265: 746d11721c4dcdbdad8f713fa42b33f4 -> 
  custom:video-decoder-webm-vp8: 9c59270c3fd7afecdb556c50c9e8de78 -> 
  custom:audio-decoder-ogg-vorbis: bf7c407c2cedff20999df2af8eb42d56 -> 
  custom:audio-encoder-webm-vorbis: bf7c407c2cedff20999df2af8eb42d56 -> 
========================================================================
Received Import Request.
  path: Assets
  artifactKey: Guid(00000000000000001000000000000000) Importer(815301076,1909f56bfc062723c751e8b465ee728b)
Start importing Assets using Guid(00000000000000001000000000000000) Importer(815301076,1909f56bfc062723c751e8b465ee728b)  -> (artifact id: '42d402b061de3733987d63b9cc3b64de') in 0.007434 seconds 
========================================================================
Received Import Request.
  Time since last request: 2.687214 seconds.
  path: Assets/Materials
  artifactKey: Guid(8920916050550034e8aace99325d84e3) Importer(815301076,1909f56bfc062723c751e8b465ee728b)
Start importing Assets/Materials using Guid(8920916050550034e8aace99325d84e3) Importer(815301076,1909f56bfc062723c751e8b465ee728b)  -> (artifact id: '368afa378affc92fc5fc4963926e3506') in 0.006121 seconds 
========================================================================
Received Import Request.
  Time since last request: 6.867159 seconds.
  path: Assets/Materials/Snow.mat
  artifactKey: Guid(65f85715d5177d5439b1e84a749e0314) Importer(815301076,1909f56bfc062723c751e8b465ee728b)
Start importing Assets/Materials/Snow.mat using Guid(65f85715d5177d5439b1e84a749e0314) Importer(815301076,1909f56bfc062723c751e8b465ee728b)  -> (artifact id: 'e3c014385e350bca53e8bb1180fddfee') in 0.162719 seconds 
========================================================================
Received Import Request.
  Time since last request: 68.668022 seconds.
  path: Assets/Materials/Blue.mat
  artifactKey: Guid(1782619138f949e40bfab3748f157959) Importer(815301076,1909f56bfc062723c751e8b465ee728b)
Start importing Assets/Materials/Blue.mat using Guid(1782619138f949e40bfab3748f157959) Importer(815301076,1909f56bfc062723c751e8b465ee728b)  -> (artifact id: '62970e6cd3a3e18387fd95aa87bee2ab') in 0.015675 seconds 
========================================================================
Received Import Request.
  Time since last request: 1188.270325 seconds.
  path: Assets/Materials/Bark.mat
  artifactKey: Guid(611826c2f576a87459f4c7e6d0cc8b3e) Importer(815301076,1909f56bfc062723c751e8b465ee728b)
Start importing Assets/Materials/Bark.mat using Guid(611826c2f576a87459f4c7e6d0cc8b3e) Importer(815301076,1909f56bfc062723c751e8b465ee728b)  -> (artifact id: '2d401db128d5bf8f8e7016a89323aec8') in 0.054059 seconds 
========================================================================
Received Import Request.
  Time since last request: 4.569855 seconds.
  path: Assets/Materials/Blue.mat
  artifactKey: Guid(1782619138f949e40bfab3748f157959) Importer(815301076,1909f56bfc062723c751e8b465ee728b)
Start importing Assets/Materials/Blue.mat using Guid(1782619138f949e40bfab3748f157959) Importer(815301076,1909f56bfc062723c751e8b465ee728b)  -> (artifact id: '7d1ca1215bc2f034baeefab0818ed446') in 0.054305 seconds 
========================================================================
Received Import Request.
  Time since last request: 0.000353 seconds.
  path: Assets/Materials/Snow.mat
  artifactKey: Guid(65f85715d5177d5439b1e84a749e0314) Importer(815301076,1909f56bfc062723c751e8b465ee728b)
Start importing Assets/Materials/Snow.mat using Guid(65f85715d5177d5439b1e84a749e0314) Importer(815301076,1909f56bfc062723c751e8b465ee728b)  -> (artifact id: '9fb864b6c4184890b23bcf400f074473') in 0.018756 seconds 
========================================================================
Received Import Request.
  Time since last request: 338.850494 seconds.
  path: Assets/Materials/Ice.mat
  artifactKey: Guid(69c8fb2682d918d46bf8e2f55dbe8f65) Importer(815301076,1909f56bfc062723c751e8b465ee728b)
Start importing Assets/Materials/Ice.mat using Guid(69c8fb2682d918d46bf8e2f55dbe8f65) Importer(815301076,1909f56bfc062723c751e8b465ee728b)  -> (artifact id: 'e8929ce0cc82242b620207318cbb629f') in 0.047072 seconds 
========================================================================
Received Import Request.
  Time since last request: 1138.258324 seconds.
  path: Assets/Materials/Rock.mat
  artifactKey: Guid(4e409ec9814583147a9878a1a30d8f47) Importer(815301076,1909f56bfc062723c751e8b465ee728b)
Start importing Assets/Materials/Rock.mat using Guid(4e409ec9814583147a9878a1a30d8f47) Importer(815301076,1909f56bfc062723c751e8b465ee728b)  -> (artifact id: '32c5a1d33309a0b568a4f0e0df7e50fc') in 0.018820 seconds 
========================================================================
Received Import Request.
  Time since last request: 482.326754 seconds.
  path: Assets/Materials/White.mat
  artifactKey: Guid(d49cb4382fccc934b9952af416267532) Importer(815301076,1909f56bfc062723c751e8b465ee728b)
Start importing Assets/Materials/White.mat using Guid(d49cb4382fccc934b9952af416267532) Importer(815301076,1909f56bfc062723c751e8b465ee728b)  -> (artifact id: '0a6b83bcd1fab2df5561d7ee5d1ede7a') in 0.034462 seconds 
========================================================================
Received Import Request.
  Time since last request: 938.518738 seconds.
  path: Assets/Materials/Bark.mat
  artifactKey: Guid(611826c2f576a87459f4c7e6d0cc8b3e) Importer(815301076,1909f56bfc062723c751e8b465ee728b)
Start importing Assets/Materials/Bark.mat using Guid(611826c2f576a87459f4c7e6d0cc8b3e) Importer(815301076,1909f56bfc062723c751e8b465ee728b)  -> (artifact id: 'b62172b6b20af43ff39f7ec5a191b616') in 0.039016 seconds 
========================================================================
Received Import Request.
  Time since last request: 0.000311 seconds.
  path: Assets/Materials/Ice.mat
  artifactKey: Guid(69c8fb2682d918d46bf8e2f55dbe8f65) Importer(815301076,1909f56bfc062723c751e8b465ee728b)
Start importing Assets/Materials/Ice.mat using Guid(69c8fb2682d918d46bf8e2f55dbe8f65) Importer(815301076,1909f56bfc062723c751e8b465ee728b)  -> (artifact id: '5a099cab2b31679f4009a86bd5a7e979') in 0.037209 seconds 
========================================================================
Received Import Request.
  Time since last request: 0.000314 seconds.
  path: Assets/Materials/Rock.mat
  artifactKey: Guid(4e409ec9814583147a9878a1a30d8f47) Importer(815301076,1909f56bfc062723c751e8b465ee728b)
Start importing Assets/Materials/Rock.mat using Guid(4e409ec9814583147a9878a1a30d8f47) Importer(815301076,1909f56bfc062723c751e8b465ee728b)  -> (artifact id: '854e4de9ee41135f773e9cce08fbf6a3') in 0.019359 seconds 
AssetImportWorkerClient::OnTransportError - code=2 error=End of file
